<?xml version="1.0" encoding="UTF-8"?>
<testsuite xmlns:xsi="http://www.w3.org/2001/XMLSchema-instance" xsi:noNamespaceSchemaLocation="https://maven.apache.org/surefire/maven-surefire-plugin/xsd/surefire-test-report.xsd" name="com.lxf.ssm.SsmApplicationTests" time="2.831" tests="1" errors="0" skipped="0" failures="0">
  <properties>
    <property name="sun.desktop" value="windows"/>
    <property name="awt.toolkit" value="sun.awt.windows.WToolkit"/>
    <property name="java.specification.version" value="11"/>
    <property name="sun.cpu.isalist" value="amd64"/>
    <property name="sun.jnu.encoding" value="GBK"/>
    <property name="java.class.path" value="E:\IdeaProjects\ssm\target\test-classes;E:\IdeaProjects\ssm\target\classes;E:\MavenWarehouse\.m2\repository\org\springframework\boot\spring-boot-starter-data-jdbc\2.2.2.RELEASE\spring-boot-starter-data-jdbc-2.2.2.RELEASE.jar;E:\MavenWarehouse\.m2\repository\org\springframework\boot\spring-boot-starter-jdbc\2.2.2.RELEASE\spring-boot-starter-jdbc-2.2.2.RELEASE.jar;E:\MavenWarehouse\.m2\repository\com\zaxxer\HikariCP\3.4.1\HikariCP-3.4.1.jar;E:\MavenWarehouse\.m2\repository\org\springframework\spring-jdbc\5.2.2.RELEASE\spring-jdbc-5.2.2.RELEASE.jar;E:\MavenWarehouse\.m2\repository\org\springframework\data\spring-data-jdbc\1.1.3.RELEASE\spring-data-jdbc-1.1.3.RELEASE.jar;E:\MavenWarehouse\.m2\repository\org\springframework\data\spring-data-relational\1.1.3.RELEASE\spring-data-relational-1.1.3.RELEASE.jar;E:\MavenWarehouse\.m2\repository\org\springframework\data\spring-data-commons\2.2.3.RELEASE\spring-data-commons-2.2.3.RELEASE.jar;E:\MavenWarehouse\.m2\repository\org\springframework\spring-tx\5.2.2.RELEASE\spring-tx-5.2.2.RELEASE.jar;E:\MavenWarehouse\.m2\repository\org\springframework\spring-context\5.2.2.RELEASE\spring-context-5.2.2.RELEASE.jar;E:\MavenWarehouse\.m2\repository\org\springframework\spring-beans\5.2.2.RELEASE\spring-beans-5.2.2.RELEASE.jar;E:\MavenWarehouse\.m2\repository\org\springframework\boot\spring-boot-starter-web\2.2.2.RELEASE\spring-boot-starter-web-2.2.2.RELEASE.jar;E:\MavenWarehouse\.m2\repository\org\springframework\boot\spring-boot-starter\2.2.2.RELEASE\spring-boot-starter-2.2.2.RELEASE.jar;E:\MavenWarehouse\.m2\repository\org\springframework\boot\spring-boot\2.2.2.RELEASE\spring-boot-2.2.2.RELEASE.jar;E:\MavenWarehouse\.m2\repository\org\springframework\boot\spring-boot-autoconfigure\2.2.2.RELEASE\spring-boot-autoconfigure-2.2.2.RELEASE.jar;E:\MavenWarehouse\.m2\repository\org\springframework\boot\spring-boot-starter-logging\2.2.2.RELEASE\spring-boot-starter-logging-2.2.2.RELEASE.jar;E:\MavenWarehouse\.m2\repository\ch\qos\logback\logback-classic\1.2.3\logback-classic-1.2.3.jar;E:\MavenWarehouse\.m2\repository\ch\qos\logback\logback-core\1.2.3\logback-core-1.2.3.jar;E:\MavenWarehouse\.m2\repository\org\apache\logging\log4j\log4j-to-slf4j\2.12.1\log4j-to-slf4j-2.12.1.jar;E:\MavenWarehouse\.m2\repository\org\apache\logging\log4j\log4j-api\2.12.1\log4j-api-2.12.1.jar;E:\MavenWarehouse\.m2\repository\org\slf4j\jul-to-slf4j\1.7.29\jul-to-slf4j-1.7.29.jar;E:\MavenWarehouse\.m2\repository\jakarta\annotation\jakarta.annotation-api\1.3.5\jakarta.annotation-api-1.3.5.jar;E:\MavenWarehouse\.m2\repository\org\yaml\snakeyaml\1.25\snakeyaml-1.25.jar;E:\MavenWarehouse\.m2\repository\org\springframework\boot\spring-boot-starter-json\2.2.2.RELEASE\spring-boot-starter-json-2.2.2.RELEASE.jar;E:\MavenWarehouse\.m2\repository\com\fasterxml\jackson\core\jackson-databind\2.10.1\jackson-databind-2.10.1.jar;E:\MavenWarehouse\.m2\repository\com\fasterxml\jackson\core\jackson-annotations\2.10.1\jackson-annotations-2.10.1.jar;E:\MavenWarehouse\.m2\repository\com\fasterxml\jackson\core\jackson-core\2.10.1\jackson-core-2.10.1.jar;E:\MavenWarehouse\.m2\repository\com\fasterxml\jackson\datatype\jackson-datatype-jdk8\2.10.1\jackson-datatype-jdk8-2.10.1.jar;E:\MavenWarehouse\.m2\repository\com\fasterxml\jackson\datatype\jackson-datatype-jsr310\2.10.1\jackson-datatype-jsr310-2.10.1.jar;E:\MavenWarehouse\.m2\repository\com\fasterxml\jackson\module\jackson-module-parameter-names\2.10.1\jackson-module-parameter-names-2.10.1.jar;E:\MavenWarehouse\.m2\repository\org\springframework\boot\spring-boot-starter-tomcat\2.2.2.RELEASE\spring-boot-starter-tomcat-2.2.2.RELEASE.jar;E:\MavenWarehouse\.m2\repository\org\apache\tomcat\embed\tomcat-embed-core\9.0.29\tomcat-embed-core-9.0.29.jar;E:\MavenWarehouse\.m2\repository\org\apache\tomcat\embed\tomcat-embed-el\9.0.29\tomcat-embed-el-9.0.29.jar;E:\MavenWarehouse\.m2\repository\org\apache\tomcat\embed\tomcat-embed-websocket\9.0.29\tomcat-embed-websocket-9.0.29.jar;E:\MavenWarehouse\.m2\repository\org\springframework\boot\spring-boot-starter-validation\2.2.2.RELEASE\spring-boot-starter-validation-2.2.2.RELEASE.jar;E:\MavenWarehouse\.m2\repository\jakarta\validation\jakarta.validation-api\2.0.1\jakarta.validation-api-2.0.1.jar;E:\MavenWarehouse\.m2\repository\org\hibernate\validator\hibernate-validator\6.0.18.Final\hibernate-validator-6.0.18.Final.jar;E:\MavenWarehouse\.m2\repository\org\jboss\logging\jboss-logging\3.4.1.Final\jboss-logging-3.4.1.Final.jar;E:\MavenWarehouse\.m2\repository\com\fasterxml\classmate\1.5.1\classmate-1.5.1.jar;E:\MavenWarehouse\.m2\repository\org\springframework\spring-web\5.2.2.RELEASE\spring-web-5.2.2.RELEASE.jar;E:\MavenWarehouse\.m2\repository\org\springframework\spring-webmvc\5.2.2.RELEASE\spring-webmvc-5.2.2.RELEASE.jar;E:\MavenWarehouse\.m2\repository\org\springframework\spring-aop\5.2.2.RELEASE\spring-aop-5.2.2.RELEASE.jar;E:\MavenWarehouse\.m2\repository\org\springframework\spring-expression\5.2.2.RELEASE\spring-expression-5.2.2.RELEASE.jar;E:\MavenWarehouse\.m2\repository\org\mybatis\spring\boot\mybatis-spring-boot-starter\2.1.1\mybatis-spring-boot-starter-2.1.1.jar;E:\MavenWarehouse\.m2\repository\org\mybatis\spring\boot\mybatis-spring-boot-autoconfigure\2.1.1\mybatis-spring-boot-autoconfigure-2.1.1.jar;E:\MavenWarehouse\.m2\repository\org\mybatis\mybatis\3.5.3\mybatis-3.5.3.jar;E:\MavenWarehouse\.m2\repository\org\mybatis\mybatis-spring\2.0.3\mybatis-spring-2.0.3.jar;E:\MavenWarehouse\.m2\repository\mysql\mysql-connector-java\8.0.18\mysql-connector-java-8.0.18.jar;E:\MavenWarehouse\.m2\repository\org\springframework\boot\spring-boot-starter-test\2.2.2.RELEASE\spring-boot-starter-test-2.2.2.RELEASE.jar;E:\MavenWarehouse\.m2\repository\org\springframework\boot\spring-boot-test\2.2.2.RELEASE\spring-boot-test-2.2.2.RELEASE.jar;E:\MavenWarehouse\.m2\repository\org\springframework\boot\spring-boot-test-autoconfigure\2.2.2.RELEASE\spring-boot-test-autoconfigure-2.2.2.RELEASE.jar;E:\MavenWarehouse\.m2\repository\com\jayway\jsonpath\json-path\2.4.0\json-path-2.4.0.jar;E:\MavenWarehouse\.m2\repository\net\minidev\json-smart\2.3\json-smart-2.3.jar;E:\MavenWarehouse\.m2\repository\net\minidev\accessors-smart\1.2\accessors-smart-1.2.jar;E:\MavenWarehouse\.m2\repository\jakarta\xml\bind\jakarta.xml.bind-api\2.3.2\jakarta.xml.bind-api-2.3.2.jar;E:\MavenWarehouse\.m2\repository\jakarta\activation\jakarta.activation-api\1.2.1\jakarta.activation-api-1.2.1.jar;E:\MavenWarehouse\.m2\repository\org\junit\jupiter\junit-jupiter\5.5.2\junit-jupiter-5.5.2.jar;E:\MavenWarehouse\.m2\repository\org\junit\jupiter\junit-jupiter-api\5.5.2\junit-jupiter-api-5.5.2.jar;E:\MavenWarehouse\.m2\repository\org\apiguardian\apiguardian-api\1.1.0\apiguardian-api-1.1.0.jar;E:\MavenWarehouse\.m2\repository\org\opentest4j\opentest4j\1.2.0\opentest4j-1.2.0.jar;E:\MavenWarehouse\.m2\repository\org\junit\platform\junit-platform-commons\1.5.2\junit-platform-commons-1.5.2.jar;E:\MavenWarehouse\.m2\repository\org\junit\jupiter\junit-jupiter-params\5.5.2\junit-jupiter-params-5.5.2.jar;E:\MavenWarehouse\.m2\repository\org\junit\jupiter\junit-jupiter-engine\5.5.2\junit-jupiter-engine-5.5.2.jar;E:\MavenWarehouse\.m2\repository\org\junit\platform\junit-platform-engine\1.5.2\junit-platform-engine-1.5.2.jar;E:\MavenWarehouse\.m2\repository\org\mockito\mockito-junit-jupiter\3.1.0\mockito-junit-jupiter-3.1.0.jar;E:\MavenWarehouse\.m2\repository\org\assertj\assertj-core\3.13.2\assertj-core-3.13.2.jar;E:\MavenWarehouse\.m2\repository\org\hamcrest\hamcrest\2.1\hamcrest-2.1.jar;E:\MavenWarehouse\.m2\repository\org\mockito\mockito-core\3.1.0\mockito-core-3.1.0.jar;E:\MavenWarehouse\.m2\repository\net\bytebuddy\byte-buddy\1.10.4\byte-buddy-1.10.4.jar;E:\MavenWarehouse\.m2\repository\net\bytebuddy\byte-buddy-agent\1.10.4\byte-buddy-agent-1.10.4.jar;E:\MavenWarehouse\.m2\repository\org\objenesis\objenesis\2.6\objenesis-2.6.jar;E:\MavenWarehouse\.m2\repository\org\skyscreamer\jsonassert\1.5.0\jsonassert-1.5.0.jar;E:\MavenWarehouse\.m2\repository\com\vaadin\external\google\android-json\0.0.20131108.vaadin1\android-json-0.0.20131108.vaadin1.jar;E:\MavenWarehouse\.m2\repository\org\springframework\spring-core\5.2.2.RELEASE\spring-core-5.2.2.RELEASE.jar;E:\MavenWarehouse\.m2\repository\org\springframework\spring-jcl\5.2.2.RELEASE\spring-jcl-5.2.2.RELEASE.jar;E:\MavenWarehouse\.m2\repository\org\springframework\spring-test\5.2.2.RELEASE\spring-test-5.2.2.RELEASE.jar;E:\MavenWarehouse\.m2\repository\org\xmlunit\xmlunit-core\2.6.3\xmlunit-core-2.6.3.jar;E:\MavenWarehouse\.m2\repository\org\springframework\boot\spring-boot-starter-thymeleaf\2.2.2.RELEASE\spring-boot-starter-thymeleaf-2.2.2.RELEASE.jar;E:\MavenWarehouse\.m2\repository\org\thymeleaf\thymeleaf-spring5\3.0.11.RELEASE\thymeleaf-spring5-3.0.11.RELEASE.jar;E:\MavenWarehouse\.m2\repository\org\thymeleaf\thymeleaf\3.0.11.RELEASE\thymeleaf-3.0.11.RELEASE.jar;E:\MavenWarehouse\.m2\repository\org\attoparser\attoparser\2.0.5.RELEASE\attoparser-2.0.5.RELEASE.jar;E:\MavenWarehouse\.m2\repository\org\unbescape\unbescape\1.1.6.RELEASE\unbescape-1.1.6.RELEASE.jar;E:\MavenWarehouse\.m2\repository\org\thymeleaf\extras\thymeleaf-extras-java8time\3.0.4.RELEASE\thymeleaf-extras-java8time-3.0.4.RELEASE.jar;E:\MavenWarehouse\.m2\repository\net\sf\json-lib\json-lib\2.4\json-lib-2.4-jdk15.jar;E:\MavenWarehouse\.m2\repository\commons-beanutils\commons-beanutils\1.8.0\commons-beanutils-1.8.0.jar;E:\MavenWarehouse\.m2\repository\commons-collections\commons-collections\3.2.1\commons-collections-3.2.1.jar;E:\MavenWarehouse\.m2\repository\commons-lang\commons-lang\2.5\commons-lang-2.5.jar;E:\MavenWarehouse\.m2\repository\commons-logging\commons-logging\1.1.1\commons-logging-1.1.1.jar;E:\MavenWarehouse\.m2\repository\net\sf\ezmorph\ezmorph\1.0.6\ezmorph-1.0.6.jar;E:\MavenWarehouse\.m2\repository\com\alibaba\fastjson\1.2.62\fastjson-1.2.62.jar;E:\MavenWarehouse\.m2\repository\org\apache\poi\poi\4.1.1\poi-4.1.1.jar;E:\MavenWarehouse\.m2\repository\commons-codec\commons-codec\1.13\commons-codec-1.13.jar;E:\MavenWarehouse\.m2\repository\org\apache\commons\commons-collections4\4.4\commons-collections4-4.4.jar;E:\MavenWarehouse\.m2\repository\org\apache\commons\commons-math3\3.6.1\commons-math3-3.6.1.jar;E:\MavenWarehouse\.m2\repository\com\alibaba\easyexcel\2.1.4\easyexcel-2.1.4.jar;E:\MavenWarehouse\.m2\repository\org\apache\poi\poi-ooxml\3.17\poi-ooxml-3.17.jar;E:\MavenWarehouse\.m2\repository\org\apache\poi\poi-ooxml-schemas\3.17\poi-ooxml-schemas-3.17.jar;E:\MavenWarehouse\.m2\repository\org\apache\xmlbeans\xmlbeans\2.6.0\xmlbeans-2.6.0.jar;E:\MavenWarehouse\.m2\repository\stax\stax-api\1.0.1\stax-api-1.0.1.jar;E:\MavenWarehouse\.m2\repository\com\github\virtuald\curvesapi\1.04\curvesapi-1.04.jar;E:\MavenWarehouse\.m2\repository\cglib\cglib\3.1\cglib-3.1.jar;E:\MavenWarehouse\.m2\repository\org\ow2\asm\asm\4.2\asm-4.2.jar;E:\MavenWarehouse\.m2\repository\org\slf4j\slf4j-api\1.7.29\slf4j-api-1.7.29.jar;E:\MavenWarehouse\.m2\repository\org\ehcache\ehcache\3.8.1\ehcache-3.8.1.jar;E:\MavenWarehouse\.m2\repository\org\glassfish\jaxb\jaxb-runtime\2.3.2\jaxb-runtime-2.3.2.jar;E:\MavenWarehouse\.m2\repository\org\glassfish\jaxb\txw2\2.3.2\txw2-2.3.2.jar;E:\MavenWarehouse\.m2\repository\com\sun\istack\istack-commons-runtime\3.0.8\istack-commons-runtime-3.0.8.jar;E:\MavenWarehouse\.m2\repository\org\jvnet\staxex\stax-ex\1.8.1\stax-ex-1.8.1.jar;E:\MavenWarehouse\.m2\repository\com\sun\xml\fastinfoset\FastInfoset\1.2.16\FastInfoset-1.2.16.jar;"/>
    <property name="java.vm.vendor" value="JetBrains s.r.o"/>
    <property name="sun.arch.data.model" value="64"/>
    <property name="user.variant" value=""/>
    <property name="java.vendor.url" value="https://www.jetbrains.com/"/>
    <property name="user.timezone" value="Asia/Shanghai"/>
    <property name="java.vm.specification.version" value="11"/>
    <property name="os.name" value="Windows 10"/>
    <property name="sun.java.launcher" value="SUN_STANDARD"/>
    <property name="user.country" value="CN"/>
    <property name="sun.boot.library.path" value="D:\IntelliJ IDEA 2019.3\jbr\bin"/>
    <property name="sun.java.command" value="C:\Users\78431\AppData\Local\Temp\surefire15873944126177457605\surefirebooter11006140638308107113.jar C:\Users\78431\AppData\Local\Temp\surefire15873944126177457605 2019-12-26T17-11-08_905-jvmRun1 surefire4880954341153514531tmp surefire_011333579931431788088tmp"/>
    <property name="jdk.debug" value="release"/>
    <property name="surefire.test.class.path" value="E:\IdeaProjects\ssm\target\test-classes;E:\IdeaProjects\ssm\target\classes;E:\MavenWarehouse\.m2\repository\org\springframework\boot\spring-boot-starter-data-jdbc\2.2.2.RELEASE\spring-boot-starter-data-jdbc-2.2.2.RELEASE.jar;E:\MavenWarehouse\.m2\repository\org\springframework\boot\spring-boot-starter-jdbc\2.2.2.RELEASE\spring-boot-starter-jdbc-2.2.2.RELEASE.jar;E:\MavenWarehouse\.m2\repository\com\zaxxer\HikariCP\3.4.1\HikariCP-3.4.1.jar;E:\MavenWarehouse\.m2\repository\org\springframework\spring-jdbc\5.2.2.RELEASE\spring-jdbc-5.2.2.RELEASE.jar;E:\MavenWarehouse\.m2\repository\org\springframework\data\spring-data-jdbc\1.1.3.RELEASE\spring-data-jdbc-1.1.3.RELEASE.jar;E:\MavenWarehouse\.m2\repository\org\springframework\data\spring-data-relational\1.1.3.RELEASE\spring-data-relational-1.1.3.RELEASE.jar;E:\MavenWarehouse\.m2\repository\org\springframework\data\spring-data-commons\2.2.3.RELEASE\spring-data-commons-2.2.3.RELEASE.jar;E:\MavenWarehouse\.m2\repository\org\springframework\spring-tx\5.2.2.RELEASE\spring-tx-5.2.2.RELEASE.jar;E:\MavenWarehouse\.m2\repository\org\springframework\spring-context\5.2.2.RELEASE\spring-context-5.2.2.RELEASE.jar;E:\MavenWarehouse\.m2\repository\org\springframework\spring-beans\5.2.2.RELEASE\spring-beans-5.2.2.RELEASE.jar;E:\MavenWarehouse\.m2\repository\org\springframework\boot\spring-boot-starter-web\2.2.2.RELEASE\spring-boot-starter-web-2.2.2.RELEASE.jar;E:\MavenWarehouse\.m2\repository\org\springframework\boot\spring-boot-starter\2.2.2.RELEASE\spring-boot-starter-2.2.2.RELEASE.jar;E:\MavenWarehouse\.m2\repository\org\springframework\boot\spring-boot\2.2.2.RELEASE\spring-boot-2.2.2.RELEASE.jar;E:\MavenWarehouse\.m2\repository\org\springframework\boot\spring-boot-autoconfigure\2.2.2.RELEASE\spring-boot-autoconfigure-2.2.2.RELEASE.jar;E:\MavenWarehouse\.m2\repository\org\springframework\boot\spring-boot-starter-logging\2.2.2.RELEASE\spring-boot-starter-logging-2.2.2.RELEASE.jar;E:\MavenWarehouse\.m2\repository\ch\qos\logback\logback-classic\1.2.3\logback-classic-1.2.3.jar;E:\MavenWarehouse\.m2\repository\ch\qos\logback\logback-core\1.2.3\logback-core-1.2.3.jar;E:\MavenWarehouse\.m2\repository\org\apache\logging\log4j\log4j-to-slf4j\2.12.1\log4j-to-slf4j-2.12.1.jar;E:\MavenWarehouse\.m2\repository\org\apache\logging\log4j\log4j-api\2.12.1\log4j-api-2.12.1.jar;E:\MavenWarehouse\.m2\repository\org\slf4j\jul-to-slf4j\1.7.29\jul-to-slf4j-1.7.29.jar;E:\MavenWarehouse\.m2\repository\jakarta\annotation\jakarta.annotation-api\1.3.5\jakarta.annotation-api-1.3.5.jar;E:\MavenWarehouse\.m2\repository\org\yaml\snakeyaml\1.25\snakeyaml-1.25.jar;E:\MavenWarehouse\.m2\repository\org\springframework\boot\spring-boot-starter-json\2.2.2.RELEASE\spring-boot-starter-json-2.2.2.RELEASE.jar;E:\MavenWarehouse\.m2\repository\com\fasterxml\jackson\core\jackson-databind\2.10.1\jackson-databind-2.10.1.jar;E:\MavenWarehouse\.m2\repository\com\fasterxml\jackson\core\jackson-annotations\2.10.1\jackson-annotations-2.10.1.jar;E:\MavenWarehouse\.m2\repository\com\fasterxml\jackson\core\jackson-core\2.10.1\jackson-core-2.10.1.jar;E:\MavenWarehouse\.m2\repository\com\fasterxml\jackson\datatype\jackson-datatype-jdk8\2.10.1\jackson-datatype-jdk8-2.10.1.jar;E:\MavenWarehouse\.m2\repository\com\fasterxml\jackson\datatype\jackson-datatype-jsr310\2.10.1\jackson-datatype-jsr310-2.10.1.jar;E:\MavenWarehouse\.m2\repository\com\fasterxml\jackson\module\jackson-module-parameter-names\2.10.1\jackson-module-parameter-names-2.10.1.jar;E:\MavenWarehouse\.m2\repository\org\springframework\boot\spring-boot-starter-tomcat\2.2.2.RELEASE\spring-boot-starter-tomcat-2.2.2.RELEASE.jar;E:\MavenWarehouse\.m2\repository\org\apache\tomcat\embed\tomcat-embed-core\9.0.29\tomcat-embed-core-9.0.29.jar;E:\MavenWarehouse\.m2\repository\org\apache\tomcat\embed\tomcat-embed-el\9.0.29\tomcat-embed-el-9.0.29.jar;E:\MavenWarehouse\.m2\repository\org\apache\tomcat\embed\tomcat-embed-websocket\9.0.29\tomcat-embed-websocket-9.0.29.jar;E:\MavenWarehouse\.m2\repository\org\springframework\boot\spring-boot-starter-validation\2.2.2.RELEASE\spring-boot-starter-validation-2.2.2.RELEASE.jar;E:\MavenWarehouse\.m2\repository\jakarta\validation\jakarta.validation-api\2.0.1\jakarta.validation-api-2.0.1.jar;E:\MavenWarehouse\.m2\repository\org\hibernate\validator\hibernate-validator\6.0.18.Final\hibernate-validator-6.0.18.Final.jar;E:\MavenWarehouse\.m2\repository\org\jboss\logging\jboss-logging\3.4.1.Final\jboss-logging-3.4.1.Final.jar;E:\MavenWarehouse\.m2\repository\com\fasterxml\classmate\1.5.1\classmate-1.5.1.jar;E:\MavenWarehouse\.m2\repository\org\springframework\spring-web\5.2.2.RELEASE\spring-web-5.2.2.RELEASE.jar;E:\MavenWarehouse\.m2\repository\org\springframework\spring-webmvc\5.2.2.RELEASE\spring-webmvc-5.2.2.RELEASE.jar;E:\MavenWarehouse\.m2\repository\org\springframework\spring-aop\5.2.2.RELEASE\spring-aop-5.2.2.RELEASE.jar;E:\MavenWarehouse\.m2\repository\org\springframework\spring-expression\5.2.2.RELEASE\spring-expression-5.2.2.RELEASE.jar;E:\MavenWarehouse\.m2\repository\org\mybatis\spring\boot\mybatis-spring-boot-starter\2.1.1\mybatis-spring-boot-starter-2.1.1.jar;E:\MavenWarehouse\.m2\repository\org\mybatis\spring\boot\mybatis-spring-boot-autoconfigure\2.1.1\mybatis-spring-boot-autoconfigure-2.1.1.jar;E:\MavenWarehouse\.m2\repository\org\mybatis\mybatis\3.5.3\mybatis-3.5.3.jar;E:\MavenWarehouse\.m2\repository\org\mybatis\mybatis-spring\2.0.3\mybatis-spring-2.0.3.jar;E:\MavenWarehouse\.m2\repository\mysql\mysql-connector-java\8.0.18\mysql-connector-java-8.0.18.jar;E:\MavenWarehouse\.m2\repository\org\springframework\boot\spring-boot-starter-test\2.2.2.RELEASE\spring-boot-starter-test-2.2.2.RELEASE.jar;E:\MavenWarehouse\.m2\repository\org\springframework\boot\spring-boot-test\2.2.2.RELEASE\spring-boot-test-2.2.2.RELEASE.jar;E:\MavenWarehouse\.m2\repository\org\springframework\boot\spring-boot-test-autoconfigure\2.2.2.RELEASE\spring-boot-test-autoconfigure-2.2.2.RELEASE.jar;E:\MavenWarehouse\.m2\repository\com\jayway\jsonpath\json-path\2.4.0\json-path-2.4.0.jar;E:\MavenWarehouse\.m2\repository\net\minidev\json-smart\2.3\json-smart-2.3.jar;E:\MavenWarehouse\.m2\repository\net\minidev\accessors-smart\1.2\accessors-smart-1.2.jar;E:\MavenWarehouse\.m2\repository\jakarta\xml\bind\jakarta.xml.bind-api\2.3.2\jakarta.xml.bind-api-2.3.2.jar;E:\MavenWarehouse\.m2\repository\jakarta\activation\jakarta.activation-api\1.2.1\jakarta.activation-api-1.2.1.jar;E:\MavenWarehouse\.m2\repository\org\junit\jupiter\junit-jupiter\5.5.2\junit-jupiter-5.5.2.jar;E:\MavenWarehouse\.m2\repository\org\junit\jupiter\junit-jupiter-api\5.5.2\junit-jupiter-api-5.5.2.jar;E:\MavenWarehouse\.m2\repository\org\apiguardian\apiguardian-api\1.1.0\apiguardian-api-1.1.0.jar;E:\MavenWarehouse\.m2\repository\org\opentest4j\opentest4j\1.2.0\opentest4j-1.2.0.jar;E:\MavenWarehouse\.m2\repository\org\junit\platform\junit-platform-commons\1.5.2\junit-platform-commons-1.5.2.jar;E:\MavenWarehouse\.m2\repository\org\junit\jupiter\junit-jupiter-params\5.5.2\junit-jupiter-params-5.5.2.jar;E:\MavenWarehouse\.m2\repository\org\junit\jupiter\junit-jupiter-engine\5.5.2\junit-jupiter-engine-5.5.2.jar;E:\MavenWarehouse\.m2\repository\org\junit\platform\junit-platform-engine\1.5.2\junit-platform-engine-1.5.2.jar;E:\MavenWarehouse\.m2\repository\org\mockito\mockito-junit-jupiter\3.1.0\mockito-junit-jupiter-3.1.0.jar;E:\MavenWarehouse\.m2\repository\org\assertj\assertj-core\3.13.2\assertj-core-3.13.2.jar;E:\MavenWarehouse\.m2\repository\org\hamcrest\hamcrest\2.1\hamcrest-2.1.jar;E:\MavenWarehouse\.m2\repository\org\mockito\mockito-core\3.1.0\mockito-core-3.1.0.jar;E:\MavenWarehouse\.m2\repository\net\bytebuddy\byte-buddy\1.10.4\byte-buddy-1.10.4.jar;E:\MavenWarehouse\.m2\repository\net\bytebuddy\byte-buddy-agent\1.10.4\byte-buddy-agent-1.10.4.jar;E:\MavenWarehouse\.m2\repository\org\objenesis\objenesis\2.6\objenesis-2.6.jar;E:\MavenWarehouse\.m2\repository\org\skyscreamer\jsonassert\1.5.0\jsonassert-1.5.0.jar;E:\MavenWarehouse\.m2\repository\com\vaadin\external\google\android-json\0.0.20131108.vaadin1\android-json-0.0.20131108.vaadin1.jar;E:\MavenWarehouse\.m2\repository\org\springframework\spring-core\5.2.2.RELEASE\spring-core-5.2.2.RELEASE.jar;E:\MavenWarehouse\.m2\repository\org\springframework\spring-jcl\5.2.2.RELEASE\spring-jcl-5.2.2.RELEASE.jar;E:\MavenWarehouse\.m2\repository\org\springframework\spring-test\5.2.2.RELEASE\spring-test-5.2.2.RELEASE.jar;E:\MavenWarehouse\.m2\repository\org\xmlunit\xmlunit-core\2.6.3\xmlunit-core-2.6.3.jar;E:\MavenWarehouse\.m2\repository\org\springframework\boot\spring-boot-starter-thymeleaf\2.2.2.RELEASE\spring-boot-starter-thymeleaf-2.2.2.RELEASE.jar;E:\MavenWarehouse\.m2\repository\org\thymeleaf\thymeleaf-spring5\3.0.11.RELEASE\thymeleaf-spring5-3.0.11.RELEASE.jar;E:\MavenWarehouse\.m2\repository\org\thymeleaf\thymeleaf\3.0.11.RELEASE\thymeleaf-3.0.11.RELEASE.jar;E:\MavenWarehouse\.m2\repository\org\attoparser\attoparser\2.0.5.RELEASE\attoparser-2.0.5.RELEASE.jar;E:\MavenWarehouse\.m2\repository\org\unbescape\unbescape\1.1.6.RELEASE\unbescape-1.1.6.RELEASE.jar;E:\MavenWarehouse\.m2\repository\org\thymeleaf\extras\thymeleaf-extras-java8time\3.0.4.RELEASE\thymeleaf-extras-java8time-3.0.4.RELEASE.jar;E:\MavenWarehouse\.m2\repository\net\sf\json-lib\json-lib\2.4\json-lib-2.4-jdk15.jar;E:\MavenWarehouse\.m2\repository\commons-beanutils\commons-beanutils\1.8.0\commons-beanutils-1.8.0.jar;E:\MavenWarehouse\.m2\repository\commons-collections\commons-collections\3.2.1\commons-collections-3.2.1.jar;E:\MavenWarehouse\.m2\repository\commons-lang\commons-lang\2.5\commons-lang-2.5.jar;E:\MavenWarehouse\.m2\repository\commons-logging\commons-logging\1.1.1\commons-logging-1.1.1.jar;E:\MavenWarehouse\.m2\repository\net\sf\ezmorph\ezmorph\1.0.6\ezmorph-1.0.6.jar;E:\MavenWarehouse\.m2\repository\com\alibaba\fastjson\1.2.62\fastjson-1.2.62.jar;E:\MavenWarehouse\.m2\repository\org\apache\poi\poi\4.1.1\poi-4.1.1.jar;E:\MavenWarehouse\.m2\repository\commons-codec\commons-codec\1.13\commons-codec-1.13.jar;E:\MavenWarehouse\.m2\repository\org\apache\commons\commons-collections4\4.4\commons-collections4-4.4.jar;E:\MavenWarehouse\.m2\repository\org\apache\commons\commons-math3\3.6.1\commons-math3-3.6.1.jar;E:\MavenWarehouse\.m2\repository\com\alibaba\easyexcel\2.1.4\easyexcel-2.1.4.jar;E:\MavenWarehouse\.m2\repository\org\apache\poi\poi-ooxml\3.17\poi-ooxml-3.17.jar;E:\MavenWarehouse\.m2\repository\org\apache\poi\poi-ooxml-schemas\3.17\poi-ooxml-schemas-3.17.jar;E:\MavenWarehouse\.m2\repository\org\apache\xmlbeans\xmlbeans\2.6.0\xmlbeans-2.6.0.jar;E:\MavenWarehouse\.m2\repository\stax\stax-api\1.0.1\stax-api-1.0.1.jar;E:\MavenWarehouse\.m2\repository\com\github\virtuald\curvesapi\1.04\curvesapi-1.04.jar;E:\MavenWarehouse\.m2\repository\cglib\cglib\3.1\cglib-3.1.jar;E:\MavenWarehouse\.m2\repository\org\ow2\asm\asm\4.2\asm-4.2.jar;E:\MavenWarehouse\.m2\repository\org\slf4j\slf4j-api\1.7.29\slf4j-api-1.7.29.jar;E:\MavenWarehouse\.m2\repository\org\ehcache\ehcache\3.8.1\ehcache-3.8.1.jar;E:\MavenWarehouse\.m2\repository\org\glassfish\jaxb\jaxb-runtime\2.3.2\jaxb-runtime-2.3.2.jar;E:\MavenWarehouse\.m2\repository\org\glassfish\jaxb\txw2\2.3.2\txw2-2.3.2.jar;E:\MavenWarehouse\.m2\repository\com\sun\istack\istack-commons-runtime\3.0.8\istack-commons-runtime-3.0.8.jar;E:\MavenWarehouse\.m2\repository\org\jvnet\staxex\stax-ex\1.8.1\stax-ex-1.8.1.jar;E:\MavenWarehouse\.m2\repository\com\sun\xml\fastinfoset\FastInfoset\1.2.16\FastInfoset-1.2.16.jar;"/>
    <property name="sun.cpu.endian" value="little"/>
    <property name="user.home" value="C:\Users\78431"/>
    <property name="user.language" value="zh"/>
    <property name="java.specification.vendor" value="Oracle Corporation"/>
    <property name="java.version.date" value="2019-07-16"/>
    <property name="java.home" value="D:\IntelliJ IDEA 2019.3\jbr"/>
    <property name="file.separator" value="\"/>
    <property name="basedir" value="E:\IdeaProjects\ssm"/>
    <property name="java.vm.compressedOopsMode" value="Zero based"/>
    <property name="line.separator" value="&#10;"/>
    <property name="java.specification.name" value="Java Platform API Specification"/>
    <property name="java.vm.specification.vendor" value="Oracle Corporation"/>
    <property name="java.awt.graphicsenv" value="sun.awt.Win32GraphicsEnvironment"/>
    <property name="surefire.real.class.path" value="C:\Users\78431\AppData\Local\Temp\surefire15873944126177457605\surefirebooter11006140638308107113.jar"/>
    <property name="user.script" value=""/>
    <property name="sun.management.compiler" value="HotSpot 64-Bit Tiered Compilers"/>
    <property name="java.runtime.version" value="11.0.4+10-b520.11"/>
    <property name="user.name" value="78431"/>
    <property name="path.separator" value=";"/>
    <property name="os.version" value="10.0"/>
    <property name="java.runtime.name" value="OpenJDK Runtime Environment"/>
    <property name="file.encoding" value="GBK"/>
    <property name="java.vm.name" value="OpenJDK 64-Bit Server VM"/>
    <property name="localRepository" value="E:\MavenWarehouse\.m2\repository"/>
    <property name="java.vendor.url.bug" value="https://youtrack.jetbrains.com"/>
    <property name="java.io.tmpdir" value="C:\Users\78431\AppData\Local\Temp\"/>
    <property name="java.version" value="11.0.4"/>
    <property name="user.dir" value="E:\IdeaProjects\ssm"/>
    <property name="os.arch" value="amd64"/>
    <property name="java.vm.specification.name" value="Java Virtual Machine Specification"/>
    <property name="java.awt.printerjob" value="sun.awt.windows.WPrinterJob"/>
    <property name="sun.os.patch.level" value=""/>
    <property name="java.library.path" value="D:\IntelliJ IDEA 2019.3\jbr\bin;C:\Windows\Sun\Java\bin;C:\Windows\system32;C:\Windows;D:\Python\Python38\Scripts\;D:\Python\Python38\;D:\Xshell 6\;D:\Oracle\product\11.2.0\client_1\bin;C:\Windows\system32;C:\Windows;C:\Windows\System32\Wbem;C:\Windows\System32\WindowsPowerShell\v1.0\;C:\Windows\System32\OpenSSH\;C:\Program Files (x86)\NVIDIA Corporation\PhysX\Common;C:\Program Files\NVIDIA Corporation\NVIDIA NvDLISR;D:\Java\jdk-13.0.1\bin;C:\Program Files\dotnet\;C:\Program Files\Microsoft SQL Server\130\Tools\Binn\;C:\Program Files\Microsoft SQL Server\Client SDK\ODBC\170\Tools\Binn\;D:\Python\Python38\Scripts\;D:\Python\Python38\;C:\Users\78431\AppData\Local\Microsoft\WindowsApps;;."/>
    <property name="java.vendor" value="JetBrains s.r.o"/>
    <property name="java.vm.info" value="mixed mode, sharing"/>
    <property name="java.vm.version" value="11.0.4+10-b520.11"/>
    <property name="idea.version2019.3" value="true"/>
    <property name="sun.io.unicode.encoding" value="UnicodeLittle"/>
    <property name="maven.repo.local" value="E:\MavenWarehouse\.m2\repository"/>
    <property name="java.class.version" value="55.0"/>
  </properties>
  <testcase name="contextLoads" classname="com.lxf.ssm.SsmApplicationTests" time="0.256"/>
</testsuite>